2023-01-23 06:27:49.483  INFO 10824 --- [http-nio-8085-exec-1] o.a.c.c.C.[Tomcat].[localhost].[/]       : Initializing Spring DispatcherServlet 'dispatcherServlet'
2023-01-23 06:27:49.500  INFO 10824 --- [http-nio-8085-exec-1] o.s.web.servlet.DispatcherServlet        : Initializing Servlet 'dispatcherServlet'
2023-01-23 06:27:49.503  INFO 10824 --- [http-nio-8085-exec-1] o.s.web.servlet.DispatcherServlet        : Completed initialization in 2 ms
2023-01-23 08:58:50.448  INFO 10824 --- [SpringApplicationShutdownHook] j.LocalContainerEntityManagerFactoryBean : Closing JPA EntityManagerFactory for persistence unit 'default'
2023-01-23 08:58:50.453  INFO 10824 --- [SpringApplicationShutdownHook] com.zaxxer.hikari.HikariDataSource       : HikariPool-1 - Shutdown initiated...
2023-01-23 08:58:50.473  INFO 10824 --- [SpringApplicationShutdownHook] com.zaxxer.hikari.HikariDataSource       : HikariPool-1 - Shutdown completed.
2023-01-23 09:02:59.308  INFO 10828 --- [main] c.e.authservice.AuthServiceApplication   : Starting AuthServiceApplication using Java 17.0.6 on DESKTOP-VU6AAB3 with PID 10828 (C:\Users\teh gelas\Documents\Doku Academy\mini-project\mini-project\auth-service\target\classes started by teh gelas in C:\Users\teh gelas\Documents\Doku Academy\mini-project\mini-project)
2023-01-23 09:02:59.314  INFO 10828 --- [main] c.e.authservice.AuthServiceApplication   : No active profile set, falling back to 1 default profile: "default"
2023-01-23 09:03:01.640  INFO 10828 --- [main] .s.d.r.c.RepositoryConfigurationDelegate : Bootstrapping Spring Data JPA repositories in DEFAULT mode.
2023-01-23 09:03:01.796  INFO 10828 --- [main] .s.d.r.c.RepositoryConfigurationDelegate : Finished Spring Data repository scanning in 127 ms. Found 1 JPA repository interfaces.
2023-01-23 09:03:03.683  INFO 10828 --- [main] o.s.b.w.embedded.tomcat.TomcatWebServer  : Tomcat initialized with port(s): 8085 (http)
2023-01-23 09:03:03.709  INFO 10828 --- [main] o.apache.catalina.core.StandardService   : Starting service [Tomcat]
2023-01-23 09:03:03.710  INFO 10828 --- [main] org.apache.catalina.core.StandardEngine  : Starting Servlet engine: [Apache Tomcat/9.0.69]
2023-01-23 09:03:04.043  INFO 10828 --- [main] o.a.c.c.C.[Tomcat].[localhost].[/]       : Initializing Spring embedded WebApplicationContext
2023-01-23 09:03:04.044  INFO 10828 --- [main] w.s.c.ServletWebServerApplicationContext : Root WebApplicationContext: initialization completed in 4570 ms
2023-01-23 09:03:05.545  INFO 10828 --- [main] com.zaxxer.hikari.HikariDataSource       : HikariPool-1 - Starting...
2023-01-23 09:03:06.082  INFO 10828 --- [main] com.zaxxer.hikari.HikariDataSource       : HikariPool-1 - Start completed.
2023-01-23 09:03:08.163  INFO 10828 --- [main] j.LocalContainerEntityManagerFactoryBean : Initialized JPA EntityManagerFactory for persistence unit 'default'
2023-01-23 09:03:10.657  INFO 10828 --- [main] o.s.s.web.DefaultSecurityFilterChain     : Will secure any request with [org.springframework.security.web.session.DisableEncodeUrlFilter@fe38c0e, org.springframework.security.web.context.request.async.WebAsyncManagerIntegrationFilter@6167c42f, org.springframework.security.web.context.SecurityContextPersistenceFilter@4cddc036, org.springframework.security.web.header.HeaderWriterFilter@42c55978, org.springframework.security.web.authentication.logout.LogoutFilter@531299d3, org.springframework.security.oauth2.server.resource.web.BearerTokenAuthenticationFilter@2a0ce342, org.springframework.security.web.savedrequest.RequestCacheAwareFilter@70df41f9, org.springframework.security.web.servletapi.SecurityContextHolderAwareRequestFilter@64a7ad02, org.springframework.security.web.authentication.AnonymousAuthenticationFilter@2cbc2db2, org.springframework.security.web.session.SessionManagementFilter@56a72887, org.springframework.security.web.access.ExceptionTranslationFilter@3dfa2f64, org.springframework.security.web.access.intercept.FilterSecurityInterceptor@b1fa523]
2023-01-23 09:03:10.844  WARN 10828 --- [main] JpaBaseConfiguration$JpaWebConfiguration : spring.jpa.open-in-view is enabled by default. Therefore, database queries may be performed during view rendering. Explicitly configure spring.jpa.open-in-view to disable this warning
2023-01-23 09:03:12.635  INFO 10828 --- [main] o.s.b.w.embedded.tomcat.TomcatWebServer  : Tomcat started on port(s): 8085 (http) with context path ''
2023-01-23 09:03:12.709  INFO 10828 --- [main] c.e.authservice.AuthServiceApplication   : Started AuthServiceApplication in 14.511 seconds (JVM running for 17.822)
2023-01-23 09:04:01.576  INFO 10828 --- [http-nio-8085-exec-1] o.a.c.c.C.[Tomcat].[localhost].[/]       : Initializing Spring DispatcherServlet 'dispatcherServlet'
2023-01-23 09:04:01.577  INFO 10828 --- [http-nio-8085-exec-1] o.s.web.servlet.DispatcherServlet        : Initializing Servlet 'dispatcherServlet'
2023-01-23 09:04:01.579  INFO 10828 --- [http-nio-8085-exec-1] o.s.web.servlet.DispatcherServlet        : Completed initialization in 2 ms
2023-01-23 09:14:50.209  INFO 10828 --- [SpringApplicationShutdownHook] j.LocalContainerEntityManagerFactoryBean : Closing JPA EntityManagerFactory for persistence unit 'default'
2023-01-23 09:14:50.214  INFO 10828 --- [SpringApplicationShutdownHook] com.zaxxer.hikari.HikariDataSource       : HikariPool-1 - Shutdown initiated...
2023-01-23 09:14:50.250  INFO 10828 --- [SpringApplicationShutdownHook] com.zaxxer.hikari.HikariDataSource       : HikariPool-1 - Shutdown completed.
2023-01-23 09:15:13.097  INFO 10364 --- [main] c.e.authservice.AuthServiceApplication   : Starting AuthServiceApplication using Java 17.0.6 on DESKTOP-VU6AAB3 with PID 10364 (C:\Users\teh gelas\Documents\Doku Academy\mini-project\mini-project\auth-service\target\classes started by teh gelas in C:\Users\teh gelas\Documents\Doku Academy\mini-project\mini-project)
2023-01-23 09:15:13.106  INFO 10364 --- [main] c.e.authservice.AuthServiceApplication   : No active profile set, falling back to 1 default profile: "default"
2023-01-23 09:15:14.959  INFO 10364 --- [main] .s.d.r.c.RepositoryConfigurationDelegate : Bootstrapping Spring Data JPA repositories in DEFAULT mode.
2023-01-23 09:15:15.129  INFO 10364 --- [main] .s.d.r.c.RepositoryConfigurationDelegate : Finished Spring Data repository scanning in 139 ms. Found 1 JPA repository interfaces.
2023-01-23 09:15:16.366  INFO 10364 --- [main] o.s.b.w.embedded.tomcat.TomcatWebServer  : Tomcat initialized with port(s): 8085 (http)
2023-01-23 09:15:16.385  INFO 10364 --- [main] o.apache.catalina.core.StandardService   : Starting service [Tomcat]
2023-01-23 09:15:16.386  INFO 10364 --- [main] org.apache.catalina.core.StandardEngine  : Starting Servlet engine: [Apache Tomcat/9.0.69]
2023-01-23 09:15:16.640  INFO 10364 --- [main] o.a.c.c.C.[Tomcat].[localhost].[/]       : Initializing Spring embedded WebApplicationContext
2023-01-23 09:15:16.641  INFO 10364 --- [main] w.s.c.ServletWebServerApplicationContext : Root WebApplicationContext: initialization completed in 3373 ms
2023-01-23 09:15:17.747  INFO 10364 --- [main] com.zaxxer.hikari.HikariDataSource       : HikariPool-1 - Starting...
2023-01-23 09:15:18.090  INFO 10364 --- [main] com.zaxxer.hikari.HikariDataSource       : HikariPool-1 - Start completed.
2023-01-23 09:15:19.699  INFO 10364 --- [main] j.LocalContainerEntityManagerFactoryBean : Initialized JPA EntityManagerFactory for persistence unit 'default'
2023-01-23 09:15:20.985  INFO 10364 --- [main] o.s.s.web.DefaultSecurityFilterChain     : Will secure any request with [org.springframework.security.web.session.DisableEncodeUrlFilter@6167c42f, org.springframework.security.web.context.request.async.WebAsyncManagerIntegrationFilter@2cbc2db2, org.springframework.security.web.context.SecurityContextPersistenceFilter@5bb3dee7, org.springframework.security.web.header.HeaderWriterFilter@64a7ad02, org.springframework.security.web.authentication.logout.LogoutFilter@7865cc83, org.springframework.security.oauth2.server.resource.web.BearerTokenAuthenticationFilter@22846a1d, org.springframework.security.web.savedrequest.RequestCacheAwareFilter@285b491f, org.springframework.security.web.servletapi.SecurityContextHolderAwareRequestFilter@346330b6, org.springframework.security.web.authentication.AnonymousAuthenticationFilter@2de96eba, org.springframework.security.web.session.SessionManagementFilter@4a773f08, org.springframework.security.web.access.ExceptionTranslationFilter@23d12a3a, org.springframework.security.web.access.intercept.FilterSecurityInterceptor@77307b51]
2023-01-23 09:15:21.071  WARN 10364 --- [main] JpaBaseConfiguration$JpaWebConfiguration : spring.jpa.open-in-view is enabled by default. Therefore, database queries may be performed during view rendering. Explicitly configure spring.jpa.open-in-view to disable this warning
2023-01-23 09:15:21.784  INFO 10364 --- [main] o.s.b.w.embedded.tomcat.TomcatWebServer  : Tomcat started on port(s): 8085 (http) with context path ''
2023-01-23 09:15:21.805  INFO 10364 --- [main] c.e.authservice.AuthServiceApplication   : Started AuthServiceApplication in 9.805 seconds (JVM running for 12.189)
2023-01-23 09:16:14.794  INFO 10364 --- [http-nio-8085-exec-1] o.a.c.c.C.[Tomcat].[localhost].[/]       : Initializing Spring DispatcherServlet 'dispatcherServlet'
2023-01-23 09:16:14.794  INFO 10364 --- [http-nio-8085-exec-1] o.s.web.servlet.DispatcherServlet        : Initializing Servlet 'dispatcherServlet'
2023-01-23 09:16:14.796  INFO 10364 --- [http-nio-8085-exec-1] o.s.web.servlet.DispatcherServlet        : Completed initialization in 2 ms
2023-01-23 09:18:35.730  INFO 10364 --- [SpringApplicationShutdownHook] j.LocalContainerEntityManagerFactoryBean : Closing JPA EntityManagerFactory for persistence unit 'default'
2023-01-23 09:18:35.734  INFO 10364 --- [SpringApplicationShutdownHook] com.zaxxer.hikari.HikariDataSource       : HikariPool-1 - Shutdown initiated...
2023-01-23 09:18:35.745  INFO 10364 --- [SpringApplicationShutdownHook] com.zaxxer.hikari.HikariDataSource       : HikariPool-1 - Shutdown completed.
2023-01-23 09:32:58.206  INFO 4900 --- [main] c.e.authservice.AuthServiceApplication   : Starting AuthServiceApplication using Java 17.0.6 on DESKTOP-VU6AAB3 with PID 4900 (C:\Users\teh gelas\Documents\Doku Academy\mini-project\mini-project\auth-service\target\classes started by teh gelas in C:\Users\teh gelas\Documents\Doku Academy\mini-project\mini-project)
2023-01-23 09:32:58.216  INFO 4900 --- [main] c.e.authservice.AuthServiceApplication   : No active profile set, falling back to 1 default profile: "default"
2023-01-23 09:33:02.484  INFO 4900 --- [main] .s.d.r.c.RepositoryConfigurationDelegate : Bootstrapping Spring Data JPA repositories in DEFAULT mode.
2023-01-23 09:33:02.654  INFO 4900 --- [main] .s.d.r.c.RepositoryConfigurationDelegate : Finished Spring Data repository scanning in 144 ms. Found 1 JPA repository interfaces.
2023-01-23 09:33:04.176  INFO 4900 --- [main] o.s.b.w.embedded.tomcat.TomcatWebServer  : Tomcat initialized with port(s): 8085 (http)
2023-01-23 09:33:04.197  INFO 4900 --- [main] o.apache.catalina.core.StandardService   : Starting service [Tomcat]
2023-01-23 09:33:04.198  INFO 4900 --- [main] org.apache.catalina.core.StandardEngine  : Starting Servlet engine: [Apache Tomcat/9.0.69]
2023-01-23 09:33:04.520  INFO 4900 --- [main] o.a.c.c.C.[Tomcat].[localhost].[/]       : Initializing Spring embedded WebApplicationContext
2023-01-23 09:33:04.521  INFO 4900 --- [main] w.s.c.ServletWebServerApplicationContext : Root WebApplicationContext: initialization completed in 6111 ms
2023-01-23 09:33:06.324  INFO 4900 --- [main] com.zaxxer.hikari.HikariDataSource       : HikariPool-1 - Starting...
2023-01-23 09:33:06.835  INFO 4900 --- [main] com.zaxxer.hikari.HikariDataSource       : HikariPool-1 - Start completed.
2023-01-23 09:33:09.147  INFO 4900 --- [main] j.LocalContainerEntityManagerFactoryBean : Initialized JPA EntityManagerFactory for persistence unit 'default'
2023-01-23 09:33:12.386  INFO 4900 --- [main] o.s.s.web.DefaultSecurityFilterChain     : Will secure any request with [org.springframework.security.web.session.DisableEncodeUrlFilter@2cbc2db2, org.springframework.security.web.context.request.async.WebAsyncManagerIntegrationFilter@2de96eba, org.springframework.security.web.context.SecurityContextPersistenceFilter@284f25e6, org.springframework.security.web.header.HeaderWriterFilter@46590dd0, org.springframework.security.web.authentication.logout.LogoutFilter@5cb76070, org.springframework.security.oauth2.server.resource.web.BearerTokenAuthenticationFilter@fe38c0e, org.springframework.security.web.savedrequest.RequestCacheAwareFilter@346330b6, org.springframework.security.web.servletapi.SecurityContextHolderAwareRequestFilter@71e2843b, org.springframework.security.web.authentication.AnonymousAuthenticationFilter@3ef914f5, org.springframework.security.web.session.SessionManagementFilter@40b8158d, org.springframework.security.web.access.ExceptionTranslationFilter@70df41f9, org.springframework.security.web.access.intercept.FilterSecurityInterceptor@48d464cf]
2023-01-23 09:33:12.809  WARN 4900 --- [main] JpaBaseConfiguration$JpaWebConfiguration : spring.jpa.open-in-view is enabled by default. Therefore, database queries may be performed during view rendering. Explicitly configure spring.jpa.open-in-view to disable this warning
2023-01-23 09:33:14.336  INFO 4900 --- [main] o.s.b.w.embedded.tomcat.TomcatWebServer  : Tomcat started on port(s): 8085 (http) with context path ''
2023-01-23 09:33:14.407  INFO 4900 --- [main] c.e.authservice.AuthServiceApplication   : Started AuthServiceApplication in 17.417 seconds (JVM running for 20.423)
2023-01-23 09:33:45.342  INFO 4900 --- [http-nio-8085-exec-1] o.a.c.c.C.[Tomcat].[localhost].[/]       : Initializing Spring DispatcherServlet 'dispatcherServlet'
2023-01-23 09:33:45.344  INFO 4900 --- [http-nio-8085-exec-1] o.s.web.servlet.DispatcherServlet        : Initializing Servlet 'dispatcherServlet'
2023-01-23 09:33:45.347  INFO 4900 --- [http-nio-8085-exec-1] o.s.web.servlet.DispatcherServlet        : Completed initialization in 3 ms
2023-01-23 09:48:23.887  INFO 4900 --- [SpringApplicationShutdownHook] j.LocalContainerEntityManagerFactoryBean : Closing JPA EntityManagerFactory for persistence unit 'default'
2023-01-23 09:48:23.893  INFO 4900 --- [SpringApplicationShutdownHook] com.zaxxer.hikari.HikariDataSource       : HikariPool-1 - Shutdown initiated...
2023-01-23 09:48:23.918  INFO 4900 --- [SpringApplicationShutdownHook] com.zaxxer.hikari.HikariDataSource       : HikariPool-1 - Shutdown completed.
